<?xml version="1.0" encoding="UTF-8"?>
<!-- Generated by org.testng.reporters.JUnitReportReporter -->
<testsuite skipped="0" hostname="DESKTOP-BOLUCL2" name="com.training.regression.tests.LoginExcelTest" tests="2" failures="0" timestamp="14 Aug 2019 05:48:31 GMT" time="121.249" errors="0">
  <testcase name="loginDBTest" time="72.313" classname="com.training.regression.tests.LoginExcelTest"/>
  <testcase name="loginDBTest" time="48.936" classname="com.training.regression.tests.LoginExcelTest"/>
</testsuite> <!-- com.training.regression.tests.LoginExcelTest -->
