<?xml version="1.0" encoding="UTF-8"?>
<!-- Generated by org.testng.reporters.JUnitReportReporter -->
<testsuite skipped="0" hostname="DESKTOP-BOLUCL2" name="com.training.sanity.tests.RETC_074_Test" tests="3" failures="0" timestamp="16 Aug 2019 11:49:26 GMT" time="136.226" errors="0">
  <testcase name="contactForm" time="48.664" classname="com.training.sanity.tests.RETC_074_Test"/>
  <testcase name="contactForm" time="46.525" classname="com.training.sanity.tests.RETC_074_Test"/>
  <testcase name="contactForm" time="41.037" classname="com.training.sanity.tests.RETC_074_Test"/>
</testsuite> <!-- com.training.sanity.tests.RETC_074_Test -->
