<?xml version="1.0" encoding="UTF-8"?>
<!-- Generated by org.testng.reporters.JUnitReportReporter -->
<testsuite skipped="0" hostname="DESKTOP-BOLUCL2" name="com.training.regression.tests.LoginDBTest" tests="1" failures="0" timestamp="16 Aug 2019 18:38:52 GMT" time="157.141" errors="0">
  <testcase name="loginDBTest" time="157.141" classname="com.training.regression.tests.LoginDBTest"/>
</testsuite> <!-- com.training.regression.tests.LoginDBTest -->
