<?xml version="1.0" encoding="UTF-8"?>
<!-- Generated by org.testng.reporters.JUnitReportReporter -->
<testsuite skipped="0" hostname="DESKTOP-BOLUCL2" name="com.training.sanity.tests.Logout" tests="1" failures="0" timestamp="29 Jul 2019 09:49:45 GMT" time="79.570" errors="0">
  <testcase name="RETC_015" time="79.570" classname="com.training.sanity.tests.Logout"/>
</testsuite> <!-- com.training.sanity.tests.Logout -->
