<?xml version="1.0" encoding="UTF-8"?>
<!-- Generated by org.testng.reporters.JUnitReportReporter -->
<testsuite skipped="0" hostname="DESKTOP-BOLUCL2" name="com.training.sanity.tests.RETC_044_Test" tests="1" failures="0" timestamp="04 Aug 2019 15:43:45 GMT" time="58.717" errors="0">
  <testcase name="validatecomments" time="58.717" classname="com.training.sanity.tests.RETC_044_Test"/>
</testsuite> <!-- com.training.sanity.tests.RETC_044_Test -->
