<?xml version="1.0" encoding="UTF-8"?>
<!-- Generated by org.testng.reporters.JUnitReportReporter -->
<testsuite skipped="0" hostname="DESKTOP-BOLUCL2" name="com.training.sanity.tests.LoginTests" tests="4" failures="0" timestamp="28 Jul 2019 04:44:34 GMT" time="29.859" errors="0">
  <testcase name="validLoginTest" time="7.278" classname="com.training.sanity.tests.LoginTests"/>
  <testcase name="RETC_013" time="8.246" classname="com.training.sanity.tests.LoginTests"/>
  <testcase name="RETC_014" time="7.676" classname="com.training.sanity.tests.LoginTests"/>
  <testcase name="RETC_015" time="6.659" classname="com.training.sanity.tests.LoginTests"/>
</testsuite> <!-- com.training.sanity.tests.LoginTests -->
