<?xml version="1.0" encoding="UTF-8"?>
<!-- Generated by org.testng.reporters.JUnitReportReporter -->
<testsuite skipped="0" hostname="DESKTOP-BOLUCL2" name="com.training.sanity.tests.RETC_042" tests="1" failures="0" timestamp="07 Aug 2019 04:16:53 GMT" time="31.981" errors="0">
  <testcase name="validatePosts" time="31.981" classname="com.training.sanity.tests.RETC_042"/>
</testsuite> <!-- com.training.sanity.tests.RETC_042 -->
