<?xml version="1.0" encoding="UTF-8"?>
<!-- Generated by org.testng.reporters.JUnitReportReporter -->
<testsuite skipped="0" hostname="DESKTOP-BOLUCL2" name="com.training.sanity.tests.RETC_12" tests="1" failures="0" timestamp="31 Jul 2019 10:00:29 GMT" time="9.792" errors="0">
  <testcase name="ProfileDateUpd" time="9.792" classname="com.training.sanity.tests.RETC_12"/>
</testsuite> <!-- com.training.sanity.tests.RETC_12 -->
