<?xml version="1.0" encoding="UTF-8"?>
<!-- Generated by org.testng.reporters.JUnitReportReporter -->
<testsuite skipped="0" hostname="DESKTOP-BOLUCL2" name="com.training.sanity.tests.RETC_011" tests="1" failures="0" timestamp="01 Aug 2019 11:57:56 GMT" time="12.541" errors="0">
  <testcase name="loginTest" time="12.541" classname="com.training.sanity.tests.RETC_011"/>
</testsuite> <!-- com.training.sanity.tests.RETC_011 -->
