<?xml version="1.0" encoding="UTF-8"?>
<!-- Generated by org.testng.reporters.JUnitReportReporter -->
<testsuite skipped="0" hostname="DESKTOP-BOLUCL2" name="com.training.sanity.tests.RETC_044" tests="1" failures="0" timestamp="07 Aug 2019 04:16:53 GMT" time="15.559" errors="0">
  <testcase name="validateFeatures" time="15.559" classname="com.training.sanity.tests.RETC_044"/>
</testsuite> <!-- com.training.sanity.tests.RETC_044 -->
