<?xml version="1.0" encoding="UTF-8"?>
<!-- Generated by org.testng.reporters.JUnitReportReporter -->
<testsuite skipped="0" hostname="DESKTOP-BOLUCL2" name="com.training.sanity.tests.RETC_075" tests="1" failures="0" timestamp="27 Aug 2019 08:02:02 GMT" time="111.010" errors="0">
  <testcase name="contactForm" time="111.010" classname="com.training.sanity.tests.RETC_075"/>
</testsuite> <!-- com.training.sanity.tests.RETC_075 -->
