<?xml version="1.0" encoding="UTF-8"?>
<!-- Generated by org.testng.reporters.JUnitReportReporter -->
<testsuite skipped="0" hostname="DESKTOP-BOLUCL2" name="com.training.sanity.tests.RETC_073_Test" tests="1" failures="0" timestamp="17 Aug 2019 05:23:22 GMT" time="69.682" errors="0">
  <testcase name="contactForm" time="69.682" classname="com.training.sanity.tests.RETC_073_Test"/>
</testsuite> <!-- com.training.sanity.tests.RETC_073_Test -->
