<?xml version="1.0" encoding="UTF-8"?>
<!-- Generated by org.testng.reporters.JUnitReportReporter -->
<testsuite skipped="0" hostname="DESKTOP-BOLUCL2" name="com.training.sanity.tests.RETC_071" tests="3" failures="0" timestamp="27 Aug 2019 08:02:02 GMT" time="149.125" errors="0">
  <testcase name="contactForm" time="39.075" classname="com.training.sanity.tests.RETC_071"/>
  <testcase name="contactForm" time="74.958" classname="com.training.sanity.tests.RETC_071"/>
  <testcase name="contactForm" time="35.092" classname="com.training.sanity.tests.RETC_071"/>
</testsuite> <!-- com.training.sanity.tests.RETC_071 -->
