<?xml version="1.0" encoding="UTF-8"?>
<!-- Generated by org.testng.reporters.JUnitReportReporter -->
<testsuite skipped="0" hostname="DESKTOP-BOLUCL2" name="com.training.sanity.tests.RETC_045" tests="1" failures="0" timestamp="07 Aug 2019 04:16:53 GMT" time="22.855" errors="0">
  <testcase name="validateRegions" time="22.855" classname="com.training.sanity.tests.RETC_045"/>
</testsuite> <!-- com.training.sanity.tests.RETC_045 -->
