<?xml version="1.0" encoding="UTF-8"?>
<!-- Generated by org.testng.reporters.JUnitReportReporter -->
<testsuite skipped="0" hostname="DESKTOP-BOLUCL2" name="com.training.sanity.tests.RETC_074" tests="3" failures="0" timestamp="27 Aug 2019 08:02:02 GMT" time="186.082" errors="0">
  <testcase name="contactForm" time="53.732" classname="com.training.sanity.tests.RETC_074"/>
  <testcase name="contactForm" time="69.910" classname="com.training.sanity.tests.RETC_074"/>
  <testcase name="contactForm" time="62.440" classname="com.training.sanity.tests.RETC_074"/>
</testsuite> <!-- com.training.sanity.tests.RETC_074 -->
