<?xml version="1.0" encoding="UTF-8"?>
<!-- Generated by org.testng.reporters.JUnitReportReporter -->
<testsuite skipped="0" hostname="DESKTOP-BOLUCL2" name="com.training.sanity.tests.RETC_071_Test" tests="1" failures="0" timestamp="18 Aug 2019 04:13:48 GMT" time="68.682" errors="0">
  <testcase name="contactForm" time="68.682" classname="com.training.sanity.tests.RETC_071_Test"/>
</testsuite> <!-- com.training.sanity.tests.RETC_071_Test -->
