<?xml version="1.0" encoding="UTF-8"?>
<!-- Generated by org.testng.reporters.JUnitReportReporter -->
<testsuite skipped="0" hostname="DESKTOP-BOLUCL2" name="com.training.sanity.tests.RETC_071" tests="1" failures="0" timestamp="14 Aug 2019 08:42:32 GMT" time="70.869" errors="0">
  <testcase name="contactForm" time="70.869" classname="com.training.sanity.tests.RETC_071"/>
</testsuite> <!-- com.training.sanity.tests.RETC_071 -->
