<?xml version="1.0" encoding="UTF-8"?>
<!-- Generated by org.testng.reporters.JUnitReportReporter -->
<testsuite skipped="0" hostname="DESKTOP-BOLUCL2" name="com.training.sanity.tests.RETC_041" tests="2" failures="0" timestamp="07 Aug 2019 04:16:53 GMT" time="85.593" errors="0">
  <testcase name="blogcomment" time="45.464" classname="com.training.sanity.tests.RETC_041"/>
  <testcase name="adminlogin" time="40.129" classname="com.training.sanity.tests.RETC_041"/>
</testsuite> <!-- com.training.sanity.tests.RETC_041 -->
