<?xml version="1.0" encoding="UTF-8"?>
<!-- Generated by org.testng.reporters.JUnitReportReporter -->
<testsuite skipped="0" hostname="DESKTOP-BOLUCL2" name="com.training.sanity.tests.RETC_073" tests="1" failures="0" timestamp="27 Aug 2019 08:02:02 GMT" time="50.270" errors="0">
  <testcase name="contactForm" time="50.270" classname="com.training.sanity.tests.RETC_073"/>
</testsuite> <!-- com.training.sanity.tests.RETC_073 -->
