<?xml version="1.0" encoding="UTF-8"?>
<!-- Generated by org.testng.reporters.JUnitReportReporter -->
<testsuite skipped="0" hostname="DESKTOP-BOLUCL2" name="com.training.sanity.tests.RETC_072" tests="3" failures="0" timestamp="27 Aug 2019 08:02:02 GMT" time="126.286" errors="0">
  <testcase name="contactForm" time="35.724" classname="com.training.sanity.tests.RETC_072"/>
  <testcase name="contactForm" time="46.506" classname="com.training.sanity.tests.RETC_072"/>
  <testcase name="contactForm" time="44.056" classname="com.training.sanity.tests.RETC_072"/>
</testsuite> <!-- com.training.sanity.tests.RETC_072 -->
