<?xml version="1.0" encoding="UTF-8"?>
<!-- Generated by org.testng.reporters.JUnitReportReporter -->
<testsuite skipped="0" hostname="DESKTOP-BOLUCL2" name="com.training.sanity.tests.RETC_045_Test" tests="1" failures="0" timestamp="07 Aug 2019 04:10:49 GMT" time="46.497" errors="0">
  <testcase name="createPropertyBasedonRegionCreated" time="46.497" classname="com.training.sanity.tests.RETC_045_Test"/>
</testsuite> <!-- com.training.sanity.tests.RETC_045_Test -->
