<?xml version="1.0" encoding="UTF-8"?>
<!-- Generated by org.testng.reporters.JUnitReportReporter -->
<testsuite skipped="0" hostname="DESKTOP-BOLUCL2" name="com.training.sanity.tests.RETC_043" tests="1" failures="0" timestamp="07 Aug 2019 04:16:53 GMT" time="35.713" errors="0">
  <testcase name="validateProperties" time="35.713" classname="com.training.sanity.tests.RETC_043"/>
</testsuite> <!-- com.training.sanity.tests.RETC_043 -->
