<?xml version="1.0" encoding="UTF-8"?>
<!-- Generated by org.testng.reporters.JUnitReportReporter -->
<testsuite skipped="0" hostname="DESKTOP-BOLUCL2" name="com.training.sanity.tests.RETC_042_Test" tests="1" failures="0" timestamp="04 Aug 2019 10:11:10 GMT" time="61.502" errors="0">
  <testcase name="validatecomments" time="61.502" classname="com.training.sanity.tests.RETC_042_Test"/>
</testsuite> <!-- com.training.sanity.tests.RETC_042_Test -->
