<?xml version="1.0" encoding="UTF-8"?>
<!-- Generated by org.testng.reporters.JUnitReportReporter -->
<testsuite skipped="0" hostname="DESKTOP-BOLUCL2" name="com.training.sanity.tests.RETC_015" tests="1" failures="0" timestamp="01 Aug 2019 09:31:18 GMT" time="49.611" errors="0">
  <testcase name="logoutTest" time="49.611" classname="com.training.sanity.tests.RETC_015"/>
</testsuite> <!-- com.training.sanity.tests.RETC_015 -->
